{
  "stats": {
    "suites": 1,
    "tests": 7,
    "passes": 7,
    "pending": 0,
    "failures": 0,
    "start": "2024-04-17T19:15:22.786Z",
    "end": "2024-04-17T19:15:53.208Z",
    "duration": 30422,
    "testsRegistered": 7,
    "passPercent": 100,
    "pendingPercent": 0,
    "other": 0,
    "hasOther": false,
    "skipped": 0,
    "hasSkipped": false
  },
  "results": [
    {
      "uuid": "196da2ff-2c9f-43ff-b7d8-023687cc27d0",
      "title": "",
      "fullFile": "cypress/e2e/e2e.cy.js",
      "file": "cypress/e2e/e2e.cy.js",
      "beforeHooks": [],
      "afterHooks": [],
      "tests": [],
      "suites": [
        {
          "uuid": "b771258e-08f5-4f80-8f6f-fb363420e62f",
          "title": "Buy Items",
          "fullFile": "",
          "file": "",
          "beforeHooks": [],
          "afterHooks": [],
          "tests": [
            {
              "title": "TC-01: Select Product",
              "fullTitle": "Buy Items TC-01: Select Product",
              "timedOut": null,
              "duration": 2886,
              "state": "passed",
              "speed": "fast",
              "pass": true,
              "fail": false,
              "pending": false,
              "context": null,
              "code": "cy.scrollTo(\"center\");\nhomePage.premiumPoloViewProductBtn().click();\nproductPage.productInformationText().contains(this.data.productName);",
              "err": {},
              "uuid": "3f916048-8e99-4891-b803-10ede8eddd75",
              "parentUUID": "b771258e-08f5-4f80-8f6f-fb363420e62f",
              "isHook": false,
              "skipped": false
            },
            {
              "title": "TC-02: Add Product to Cart",
              "fullTitle": "Buy Items TC-02: Add Product to Cart",
              "timedOut": null,
              "duration": 1321,
              "state": "passed",
              "speed": "fast",
              "pass": true,
              "fail": false,
              "pending": false,
              "context": null,
              "code": "productPage.quantityBox().clear();\nproductPage.quantityBox().type(this.data.amount);\nproductPage.addToCartBtn().click();\nproductPage.confirmationModal().should($el => {\n  const text = $el.text();\n  expect(text).to.contains(\"Added!\");\n});\nproductPage.viewCartBtn().click();",
              "err": {},
              "uuid": "d51a7975-536f-4b0b-8da1-3999bb1964ca",
              "parentUUID": "b771258e-08f5-4f80-8f6f-fb363420e62f",
              "isHook": false,
              "skipped": false
            },
            {
              "title": "TC-03: Sign Up",
              "fullTitle": "Buy Items TC-03: Sign Up",
              "timedOut": null,
              "duration": 6811,
              "state": "passed",
              "speed": "medium",
              "pass": true,
              "fail": false,
              "pending": false,
              "context": null,
              "code": "cartPage.checkoutBtn().click();\ncartPage.registerBtnInModal().click();\nloginPage.newSignUpNameTxtbox().type(user.fullName);\nloginPage.newSignUpEmailTxtbox().type(user.email);\nloginPage.signupBtn().click();\nsignUpPage.mrButton().click();\nsignUpPage.passwordTxtbox().type(user.password);\nsignUpPage.firstNameBox().type(user.firstName);\nsignUpPage.lastNameBox().type(user.lastName);\nsignUpPage.addressBox().type(user.address.street);\nsignUpPage.state().type(user.state);\nsignUpPage.city().type(user.address.city);\nsignUpPage.zipcode().type(user.address.zipCode);\nsignUpPage.mobileNumber().type(user.number);\nsignUpPage.createAccountBtn().click();\nsignUpPage.accountCreatedText().should($el => {\n  const text = $el.text();\n  expect(text).to.contains(\"Created!\");\n});\nsignUpPage.continueBtn().click();",
              "err": {},
              "uuid": "eaeba0b3-9c61-4062-895c-aceb9d1504a2",
              "parentUUID": "b771258e-08f5-4f80-8f6f-fb363420e62f",
              "isHook": false,
              "skipped": false
            },
            {
              "title": "TC-04: Checkout",
              "fullTitle": "Buy Items TC-04: Checkout",
              "timedOut": null,
              "duration": 9196,
              "state": "passed",
              "speed": "medium",
              "pass": true,
              "fail": false,
              "pending": false,
              "context": null,
              "code": "navBar.cartBtn().click();\ncartPage.checkoutBtn().click();\ncheckoutPage.commentBox().type((0, _falso.randLines)());\ncheckoutPage.placeOrder().click();\npaymentPage.nameTxtbox().type(creditCard.fullName);\npaymentPage.cardTxtbox().type(creditCard.number);\npaymentPage.cvcTxtbox().type(creditCard.ccv);\npaymentPage.expirationMonth().type(10);\npaymentPage.expirationYear().type(25);\npaymentPage.payBtn().click();\npaymentPage.orderPlacedHeader().should(\"be.visible\");\npaymentPage.continueBtn().click();",
              "err": {},
              "uuid": "a05d9166-f8cc-4d0f-8c3b-a9d764b9f5cb",
              "parentUUID": "b771258e-08f5-4f80-8f6f-fb363420e62f",
              "isHook": false,
              "skipped": false
            },
            {
              "title": "TC-05: Logout",
              "fullTitle": "Buy Items TC-05: Logout",
              "timedOut": null,
              "duration": 628,
              "state": "passed",
              "speed": "fast",
              "pass": true,
              "fail": false,
              "pending": false,
              "context": null,
              "code": "navBar.logoutBtn().click();\nnavBar.loginBtn().should(\"be.visible\");",
              "err": {},
              "uuid": "febb74f6-3c87-43b7-8e5e-a42e73653789",
              "parentUUID": "b771258e-08f5-4f80-8f6f-fb363420e62f",
              "isHook": false,
              "skipped": false
            },
            {
              "title": "TC-06: Login",
              "fullTitle": "Buy Items TC-06: Login",
              "timedOut": null,
              "duration": 4029,
              "state": "passed",
              "speed": "fast",
              "pass": true,
              "fail": false,
              "pending": false,
              "context": null,
              "code": "navBar.loginBtn().click();\nloginPage.emailLoginTxtbox().type(user.email);\nloginPage.passwordTxtbox().type(user.password);\nloginPage.loginBtn().click();\nnavBar.logoutBtn().should(\"be.visible\");",
              "err": {},
              "uuid": "e40dc2c2-e982-40e0-8fbf-5c73e5bcca0a",
              "parentUUID": "b771258e-08f5-4f80-8f6f-fb363420e62f",
              "isHook": false,
              "skipped": false
            },
            {
              "title": "TC-07: Contact Us",
              "fullTitle": "Buy Items TC-07: Contact Us",
              "timedOut": null,
              "duration": 3817,
              "state": "passed",
              "speed": "fast",
              "pass": true,
              "fail": false,
              "pending": false,
              "context": null,
              "code": "navBar.contactUsBtn().click();\ncontactUsPage.nameTxtbox().type(user.fullName);\ncontactUsPage.emailTxtbox().type(user.email);\ncontactUsPage.subjectTxtbox().type((0, _falso.randCatchPhrase)());\ncontactUsPage.messageTxtbox().type((0, _falso.randLines)());\ncontactUsPage.submitBtn().click();\ncontactUsPage.status().should($el => {\n  const text = $el.text();\n  expect(text).to.contains(\"Success! Your details have been submitted successfully.\");\n});",
              "err": {},
              "uuid": "00df9522-ed13-45d8-82a2-f1b2e44348eb",
              "parentUUID": "b771258e-08f5-4f80-8f6f-fb363420e62f",
              "isHook": false,
              "skipped": false
            }
          ],
          "suites": [],
          "passes": [
            "3f916048-8e99-4891-b803-10ede8eddd75",
            "d51a7975-536f-4b0b-8da1-3999bb1964ca",
            "eaeba0b3-9c61-4062-895c-aceb9d1504a2",
            "a05d9166-f8cc-4d0f-8c3b-a9d764b9f5cb",
            "febb74f6-3c87-43b7-8e5e-a42e73653789",
            "e40dc2c2-e982-40e0-8fbf-5c73e5bcca0a",
            "00df9522-ed13-45d8-82a2-f1b2e44348eb"
          ],
          "failures": [],
          "pending": [],
          "skipped": [],
          "duration": 28688,
          "root": false,
          "rootEmpty": false,
          "_timeout": 2000
        }
      ],
      "passes": [],
      "failures": [],
      "pending": [],
      "skipped": [],
      "duration": 0,
      "root": true,
      "rootEmpty": true,
      "_timeout": 2000
    }
  ],
  "meta": {
    "mocha": {
      "version": "7.0.1"
    },
    "mochawesome": {
      "options": {
        "quiet": false,
        "reportFilename": "mochawesome",
        "saveHtml": true,
        "saveJson": true,
        "consoleReporter": "spec",
        "useInlineDiffs": false,
        "code": true
      },
      "version": "7.1.3"
    },
    "marge": {
      "options": null,
      "version": "6.2.0"
    }
  }
}